[debug] [2022-11-19T19:51:52.829Z] ----------------------------------------------------------------------
[debug] [2022-11-19T19:51:52.831Z] Command:       /usr/local/bin/node /usr/local/bin/firebase init hosting
[debug] [2022-11-19T19:51:52.831Z] CLI Version:   11.16.1
[debug] [2022-11-19T19:51:52.832Z] Platform:      darwin
[debug] [2022-11-19T19:51:52.832Z] Node Version:  v19.1.0
[debug] [2022-11-19T19:51:52.832Z] Time:          Sat Nov 19 2022 21:51:52 GMT+0200 (Eastern European Standard Time)
[debug] [2022-11-19T19:51:52.832Z] ----------------------------------------------------------------------
[debug] 
[debug] [2022-11-19T19:51:52.880Z] > command requires scopes: ["email","openid","https://www.googleapis.com/auth/cloudplatformprojects.readonly","https://www.googleapis.com/auth/firebase","https://www.googleapis.com/auth/cloud-platform"]
[debug] [2022-11-19T19:51:52.880Z] > authorizing via signed-in user (info@wmvp.dev)
[info] 
     ######## #### ########  ######## ########     ###     ######  ########
     ##        ##  ##     ## ##       ##     ##  ##   ##  ##       ##
     ######    ##  ########  ######   ########  #########  ######  ######
     ##        ##  ##    ##  ##       ##     ## ##     ##       ## ##
     ##       #### ##     ## ######## ########  ##     ##  ######  ########

You're about to initialize a Firebase project in this directory:

  /Users/apple/Documents/GitHub/nextjs-wordpress-course

Before we get started, keep in mind:

  * You are initializing within an existing Firebase project directory

[info] 
=== Project Setup
[info] 
[info] First, let's associate this project directory with a Firebase project.
[info] You can create multiple project aliases by running firebase use --add, 
[info] but for now we'll just set up a default project.
[info] 
[debug] [2022-11-19T19:51:52.884Z] Using project from CLI flag: pro-freelancer-953e0
[debug] [2022-11-19T19:51:52.886Z] >>> [apiv2][query] GET https://firebase.googleapis.com/v1beta1/projects/pro-freelancer-953e0 [none]
[debug] [2022-11-19T19:51:53.692Z] <<< [apiv2][status] GET https://firebase.googleapis.com/v1beta1/projects/pro-freelancer-953e0 200
[debug] [2022-11-19T19:51:53.693Z] <<< [apiv2][body] GET https://firebase.googleapis.com/v1beta1/projects/pro-freelancer-953e0 {"projectId":"pro-freelancer-953e0","projectNumber":"373532288381","displayName":"pro-freelancer","name":"projects/pro-freelancer-953e0","resources":{"hostingSite":"pro-freelancer-953e0","storageBucket":"pro-freelancer-953e0.appspot.com","locationId":"europe-west6"},"state":"ACTIVE","etag":"1_6ea4f791-3262-49fc-8f01-973d3a51c901"}
[info] i  Using project pro-freelancer-953e0 (pro-freelancer) 
[info] 
=== Hosting Setup
[info] 
[info] Your public directory is the folder (relative to your project directory) that
[info] will contain Hosting assets to be uploaded with firebase deploy. If you
[info] have a build process for your assets, use your build's output directory.
[info] 
